
*** Running vivado
    with args -log aes_block_diagram_rst_ps7_0_100M_0.vds -m64 -product Vivado -mode batch -messageDb vivado.pb -notrace -source aes_block_diagram_rst_ps7_0_100M_0.tcl


****** Vivado v2022.2.2 (64-bit)
  **** SW Build 3788238 on Tue Feb 21 19:59:23 MST 2023
  **** IP Build 3783773 on Tue Feb 21 23:41:56 MST 2023
    ** Copyright 1986-2023 Xilinx, Inc. All Rights Reserved.

source aes_block_diagram_rst_ps7_0_100M_0.tcl -notrace
INFO: [IP_Flow 19-234] Refreshing IP repositories
INFO: [IP_Flow 19-1700] Loaded user IP repository '/home/gianluca/ip_repo/myip_1_0'.
WARNING: [IP_Flow 19-2248] Failed to load user IP repository '/home/gianluca/ip_repo/axi4_1_0'; Can't find the specified path.
If this directory should no longer be in your list of user repositories, go to the IP Settings dialog and remove it.
WARNING: [IP_Flow 19-2207] Repository '/home/gianluca/ip_repo/myip_1_0' already exists; ignoring attempt to add it again.
INFO: [IP_Flow 19-1700] Loaded user IP repository '/home/gianluca/ip_repo/myip_1_0'.
WARNING: [IP_Flow 19-2207] Repository '/home/gianluca/ip_repo/axi4_1_0' already exists; ignoring attempt to add it again.
WARNING: [IP_Flow 19-2248] Failed to load user IP repository '/home/gianluca/ip_repo/axi4_1_0'; Can't find the specified path.
If this directory should no longer be in your list of user repositories, go to the IP Settings dialog and remove it.
INFO: [IP_Flow 19-2313] Loaded Vivado IP repository '/home/gianluca/Xilinx/Vivado/2022.2/data/ip'.
INFO: [IP_Flow 19-6924] IPCACHE: Running cache check for IP inst: aes_block_diagram_rst_ps7_0_100M_0
Command: synth_design -top aes_block_diagram_rst_ps7_0_100M_0 -part xc7z020clg400-1 -incremental_mode off -mode out_of_context
Starting synth_design
Attempting to get a license for feature 'Synthesis' and/or device 'xc7z020'
INFO: [Common 17-349] Got license for feature 'Synthesis' and/or device 'xc7z020'
INFO: [Device 21-403] Loading part xc7z020clg400-1
INFO: [Synth 8-7079] Multithreading enabled for synth_design using a maximum of 4 processes.
INFO: [Synth 8-7078] Launching helper process for spawning children vivado processes
INFO: [Synth 8-7075] Helper process launched with PID 9409
INFO: [Synth 8-11241] undeclared symbol 'REGCCE', assumed default net type 'wire' [/home/gianluca/Xilinx/Vivado/2022.2/data/verilog/src/unimacro/BRAM_SINGLE_MACRO.v:2170]
---------------------------------------------------------------------------------
Starting RTL Elaboration : Time (s): cpu = 00:00:04 ; elapsed = 00:00:04 . Memory (MB): peak = 1972.660 ; gain = 371.770 ; free physical = 3944 ; free virtual = 9327
Synthesis current peak Physical Memory [PSS] (MB): peak = 1219.252; parent = 1075.031; children = 144.221
Synthesis current peak Virtual Memory [VSS] (MB): peak = 2955.570; parent = 1975.633; children = 979.938
---------------------------------------------------------------------------------
INFO: [Synth 8-638] synthesizing module 'aes_block_diagram_rst_ps7_0_100M_0' [/home/gianluca/OS_project/OS_project.gen/sources_1/bd/aes_block_diagram/ip/aes_block_diagram_rst_ps7_0_100M_0/synth/aes_block_diagram_rst_ps7_0_100M_0.vhd:74]
	Parameter C_FAMILY bound to: zynq - type: string 
	Parameter C_EXT_RST_WIDTH bound to: 4 - type: integer 
	Parameter C_AUX_RST_WIDTH bound to: 4 - type: integer 
	Parameter C_EXT_RESET_HIGH bound to: 1'b0 
	Parameter C_AUX_RESET_HIGH bound to: 1'b0 
	Parameter C_NUM_BUS_RST bound to: 1 - type: integer 
	Parameter C_NUM_PERP_RST bound to: 1 - type: integer 
	Parameter C_NUM_INTERCONNECT_ARESETN bound to: 1 - type: integer 
	Parameter C_NUM_PERP_ARESETN bound to: 1 - type: integer 
INFO: [Synth 8-3491] module 'proc_sys_reset' declared at '/home/gianluca/OS_project/OS_project.gen/sources_1/bd/aes_block_diagram/ipshared/8842/hdl/proc_sys_reset_v5_0_vh_rfs.vhd:1264' bound to instance 'U0' of component 'proc_sys_reset' [/home/gianluca/OS_project/OS_project.gen/sources_1/bd/aes_block_diagram/ip/aes_block_diagram_rst_ps7_0_100M_0/synth/aes_block_diagram_rst_ps7_0_100M_0.vhd:129]
INFO: [Synth 8-638] synthesizing module 'proc_sys_reset' [/home/gianluca/OS_project/OS_project.gen/sources_1/bd/aes_block_diagram/ipshared/8842/hdl/proc_sys_reset_v5_0_vh_rfs.vhd:1323]
	Parameter INIT bound to: 1'b1 
INFO: [Synth 8-113] binding component instance 'FDRE_inst' to cell 'FDRE' [/home/gianluca/OS_project/OS_project.gen/sources_1/bd/aes_block_diagram/ipshared/8842/hdl/proc_sys_reset_v5_0_vh_rfs.vhd:1392]
	Parameter INIT bound to: 1'b1 
INFO: [Synth 8-113] binding component instance 'FDRE_BSR' to cell 'FDRE' [/home/gianluca/OS_project/OS_project.gen/sources_1/bd/aes_block_diagram/ipshared/8842/hdl/proc_sys_reset_v5_0_vh_rfs.vhd:1408]
	Parameter INIT bound to: 1'b0 
INFO: [Synth 8-113] binding component instance 'FDRE_BSR_N' to cell 'FDRE' [/home/gianluca/OS_project/OS_project.gen/sources_1/bd/aes_block_diagram/ipshared/8842/hdl/proc_sys_reset_v5_0_vh_rfs.vhd:1434]
	Parameter INIT bound to: 1'b1 
INFO: [Synth 8-113] binding component instance 'FDRE_PER' to cell 'FDRE' [/home/gianluca/OS_project/OS_project.gen/sources_1/bd/aes_block_diagram/ipshared/8842/hdl/proc_sys_reset_v5_0_vh_rfs.vhd:1457]
	Parameter INIT bound to: 1'b0 
INFO: [Synth 8-113] binding component instance 'FDRE_PER_N' to cell 'FDRE' [/home/gianluca/OS_project/OS_project.gen/sources_1/bd/aes_block_diagram/ipshared/8842/hdl/proc_sys_reset_v5_0_vh_rfs.vhd:1481]
INFO: [Synth 8-638] synthesizing module 'lpf' [/home/gianluca/OS_project/OS_project.gen/sources_1/bd/aes_block_diagram/ipshared/8842/hdl/proc_sys_reset_v5_0_vh_rfs.vhd:816]
INFO: [Synth 8-3491] module 'SRL16' declared at '/home/gianluca/Xilinx/Vivado/2022.2/scripts/rt/data/unisim_comp.v:132132' bound to instance 'POR_SRL_I' of component 'SRL16' [/home/gianluca/OS_project/OS_project.gen/sources_1/bd/aes_block_diagram/ipshared/8842/hdl/proc_sys_reset_v5_0_vh_rfs.vhd:868]
INFO: [Synth 8-6157] synthesizing module 'SRL16' [/home/gianluca/Xilinx/Vivado/2022.2/scripts/rt/data/unisim_comp.v:132132]
INFO: [Synth 8-6155] done synthesizing module 'SRL16' (0#1) [/home/gianluca/Xilinx/Vivado/2022.2/scripts/rt/data/unisim_comp.v:132132]
INFO: [Synth 8-638] synthesizing module 'cdc_sync' [/home/gianluca/OS_project/OS_project.gen/sources_1/bd/aes_block_diagram/ipshared/ef1e/hdl/lib_cdc_v1_0_rfs.vhd:106]
	Parameter INIT bound to: 1'b0 
INFO: [Synth 8-113] binding component instance 'CROSS_PLEVEL_IN2SCNDRY_IN_cdc_to' to cell 'FDR' [/home/gianluca/OS_project/OS_project.gen/sources_1/bd/aes_block_diagram/ipshared/ef1e/hdl/lib_cdc_v1_0_rfs.vhd:514]
	Parameter INIT bound to: 1'b0 
INFO: [Synth 8-113] binding component instance 'CROSS_PLEVEL_IN2SCNDRY_s_level_out_d2' to cell 'FDR' [/home/gianluca/OS_project/OS_project.gen/sources_1/bd/aes_block_diagram/ipshared/ef1e/hdl/lib_cdc_v1_0_rfs.vhd:545]
	Parameter INIT bound to: 1'b0 
INFO: [Synth 8-113] binding component instance 'CROSS_PLEVEL_IN2SCNDRY_s_level_out_d3' to cell 'FDR' [/home/gianluca/OS_project/OS_project.gen/sources_1/bd/aes_block_diagram/ipshared/ef1e/hdl/lib_cdc_v1_0_rfs.vhd:554]
	Parameter INIT bound to: 1'b0 
INFO: [Synth 8-113] binding component instance 'CROSS_PLEVEL_IN2SCNDRY_s_level_out_d4' to cell 'FDR' [/home/gianluca/OS_project/OS_project.gen/sources_1/bd/aes_block_diagram/ipshared/ef1e/hdl/lib_cdc_v1_0_rfs.vhd:564]
	Parameter INIT bound to: 1'b0 
INFO: [Synth 8-113] binding component instance 'CROSS_PLEVEL_IN2SCNDRY_s_level_out_d5' to cell 'FDR' [/home/gianluca/OS_project/OS_project.gen/sources_1/bd/aes_block_diagram/ipshared/ef1e/hdl/lib_cdc_v1_0_rfs.vhd:574]
	Parameter INIT bound to: 1'b0 
INFO: [Synth 8-113] binding component instance 'CROSS_PLEVEL_IN2SCNDRY_s_level_out_d6' to cell 'FDR' [/home/gianluca/OS_project/OS_project.gen/sources_1/bd/aes_block_diagram/ipshared/ef1e/hdl/lib_cdc_v1_0_rfs.vhd:584]
INFO: [Synth 8-256] done synthesizing module 'cdc_sync' (0#1) [/home/gianluca/OS_project/OS_project.gen/sources_1/bd/aes_block_diagram/ipshared/ef1e/hdl/lib_cdc_v1_0_rfs.vhd:106]
INFO: [Synth 8-256] done synthesizing module 'lpf' (0#1) [/home/gianluca/OS_project/OS_project.gen/sources_1/bd/aes_block_diagram/ipshared/8842/hdl/proc_sys_reset_v5_0_vh_rfs.vhd:816]
INFO: [Synth 8-638] synthesizing module 'sequence_psr' [/home/gianluca/OS_project/OS_project.gen/sources_1/bd/aes_block_diagram/ipshared/8842/hdl/proc_sys_reset_v5_0_vh_rfs.vhd:301]
INFO: [Synth 8-638] synthesizing module 'upcnt_n' [/home/gianluca/OS_project/OS_project.gen/sources_1/bd/aes_block_diagram/ipshared/8842/hdl/proc_sys_reset_v5_0_vh_rfs.vhd:125]
INFO: [Synth 8-256] done synthesizing module 'upcnt_n' (0#1) [/home/gianluca/OS_project/OS_project.gen/sources_1/bd/aes_block_diagram/ipshared/8842/hdl/proc_sys_reset_v5_0_vh_rfs.vhd:125]
INFO: [Synth 8-256] done synthesizing module 'sequence_psr' (0#1) [/home/gianluca/OS_project/OS_project.gen/sources_1/bd/aes_block_diagram/ipshared/8842/hdl/proc_sys_reset_v5_0_vh_rfs.vhd:301]
INFO: [Synth 8-256] done synthesizing module 'proc_sys_reset' (0#1) [/home/gianluca/OS_project/OS_project.gen/sources_1/bd/aes_block_diagram/ipshared/8842/hdl/proc_sys_reset_v5_0_vh_rfs.vhd:1323]
INFO: [Synth 8-256] done synthesizing module 'aes_block_diagram_rst_ps7_0_100M_0' (0#1) [/home/gianluca/OS_project/OS_project.gen/sources_1/bd/aes_block_diagram/ip/aes_block_diagram_rst_ps7_0_100M_0/synth/aes_block_diagram_rst_ps7_0_100M_0.vhd:74]
WARNING: [Synth 8-7129] Port prmry_aclk in module cdc_sync is either unconnected or has no load
WARNING: [Synth 8-7129] Port prmry_resetn in module cdc_sync is either unconnected or has no load
WARNING: [Synth 8-7129] Port prmry_vect_in[1] in module cdc_sync is either unconnected or has no load
WARNING: [Synth 8-7129] Port prmry_vect_in[0] in module cdc_sync is either unconnected or has no load
WARNING: [Synth 8-7129] Port scndry_resetn in module cdc_sync is either unconnected or has no load
---------------------------------------------------------------------------------
Finished RTL Elaboration : Time (s): cpu = 00:00:05 ; elapsed = 00:00:06 . Memory (MB): peak = 2043.598 ; gain = 442.707 ; free physical = 4001 ; free virtual = 9387
Synthesis current peak Physical Memory [PSS] (MB): peak = 1219.252; parent = 1075.031; children = 144.221
Synthesis current peak Virtual Memory [VSS] (MB): peak = 3023.539; parent = 2043.602; children = 979.938
---------------------------------------------------------------------------------
---------------------------------------------------------------------------------
Start Handling Custom Attributes
---------------------------------------------------------------------------------
---------------------------------------------------------------------------------
Finished Handling Custom Attributes : Time (s): cpu = 00:00:05 ; elapsed = 00:00:06 . Memory (MB): peak = 2058.441 ; gain = 457.551 ; free physical = 4064 ; free virtual = 9449
Synthesis current peak Physical Memory [PSS] (MB): peak = 1219.252; parent = 1075.031; children = 144.221
Synthesis current peak Virtual Memory [VSS] (MB): peak = 3038.383; parent = 2058.445; children = 979.938
---------------------------------------------------------------------------------
---------------------------------------------------------------------------------
Finished RTL Optimization Phase 1 : Time (s): cpu = 00:00:05 ; elapsed = 00:00:06 . Memory (MB): peak = 2058.441 ; gain = 457.551 ; free physical = 4095 ; free virtual = 9479
Synthesis current peak Physical Memory [PSS] (MB): peak = 1219.252; parent = 1075.031; children = 144.221
Synthesis current peak Virtual Memory [VSS] (MB): peak = 3038.383; parent = 2058.445; children = 979.938
---------------------------------------------------------------------------------
Netlist sorting complete. Time (s): cpu = 00:00:00 ; elapsed = 00:00:00 . Memory (MB): peak = 2061.410 ; gain = 0.000 ; free physical = 4148 ; free virtual = 9533
INFO: [Netlist 29-17] Analyzing 13 Unisim elements for replacement
INFO: [Netlist 29-28] Unisim Transformation completed in 0 CPU seconds
INFO: [Project 1-570] Preparing netlist for logic optimization

Processing XDC Constraints
Initializing timing engine
Parsing XDC File [/home/gianluca/OS_project/OS_project.gen/sources_1/bd/aes_block_diagram/ip/aes_block_diagram_rst_ps7_0_100M_0/aes_block_diagram_rst_ps7_0_100M_0_ooc.xdc] for cell 'U0'
Finished Parsing XDC File [/home/gianluca/OS_project/OS_project.gen/sources_1/bd/aes_block_diagram/ip/aes_block_diagram_rst_ps7_0_100M_0/aes_block_diagram_rst_ps7_0_100M_0_ooc.xdc] for cell 'U0'
Parsing XDC File [/home/gianluca/OS_project/OS_project.gen/sources_1/bd/aes_block_diagram/ip/aes_block_diagram_rst_ps7_0_100M_0/aes_block_diagram_rst_ps7_0_100M_0_board.xdc] for cell 'U0'
Finished Parsing XDC File [/home/gianluca/OS_project/OS_project.gen/sources_1/bd/aes_block_diagram/ip/aes_block_diagram_rst_ps7_0_100M_0/aes_block_diagram_rst_ps7_0_100M_0_board.xdc] for cell 'U0'
Parsing XDC File [/home/gianluca/OS_project/OS_project.gen/sources_1/bd/aes_block_diagram/ip/aes_block_diagram_rst_ps7_0_100M_0/aes_block_diagram_rst_ps7_0_100M_0.xdc] for cell 'U0'
Finished Parsing XDC File [/home/gianluca/OS_project/OS_project.gen/sources_1/bd/aes_block_diagram/ip/aes_block_diagram_rst_ps7_0_100M_0/aes_block_diagram_rst_ps7_0_100M_0.xdc] for cell 'U0'
Parsing XDC File [/home/gianluca/OS_project/OS_project.runs/aes_block_diagram_rst_ps7_0_100M_0_synth_1/dont_touch.xdc]
Finished Parsing XDC File [/home/gianluca/OS_project/OS_project.runs/aes_block_diagram_rst_ps7_0_100M_0_synth_1/dont_touch.xdc]
Completed Processing XDC Constraints

Netlist sorting complete. Time (s): cpu = 00:00:00 ; elapsed = 00:00:00 . Memory (MB): peak = 2215.191 ; gain = 0.000 ; free physical = 3851 ; free virtual = 9236
INFO: [Project 1-111] Unisim Transformation Summary:
  A total of 13 instances were transformed.
  FDR => FDRE: 12 instances
  SRL16 => SRL16E: 1 instance 

Constraint Validation Runtime : Time (s): cpu = 00:00:00.01 ; elapsed = 00:00:00.01 . Memory (MB): peak = 2215.191 ; gain = 0.000 ; free physical = 3848 ; free virtual = 9234
INFO: [Designutils 20-5008] Incremental synthesis strategy off
INFO: [Synth 8-11241] undeclared symbol 'REGCCE', assumed default net type 'wire' [/home/gianluca/Xilinx/Vivado/2022.2/data/verilog/src/unimacro/BRAM_SINGLE_MACRO.v:2170]
---------------------------------------------------------------------------------
Finished Constraint Validation : Time (s): cpu = 00:00:11 ; elapsed = 00:00:12 . Memory (MB): peak = 2215.191 ; gain = 614.301 ; free physical = 3953 ; free virtual = 9340
Synthesis current peak Physical Memory [PSS] (MB): peak = 1219.252; parent = 1075.031; children = 144.221
Synthesis current peak Virtual Memory [VSS] (MB): peak = 3163.117; parent = 2183.180; children = 979.938
---------------------------------------------------------------------------------
---------------------------------------------------------------------------------
Start Loading Part and Timing Information
---------------------------------------------------------------------------------
Loading part: xc7z020clg400-1
---------------------------------------------------------------------------------
Finished Loading Part and Timing Information : Time (s): cpu = 00:00:11 ; elapsed = 00:00:12 . Memory (MB): peak = 2215.191 ; gain = 614.301 ; free physical = 3988 ; free virtual = 9375
Synthesis current peak Physical Memory [PSS] (MB): peak = 1219.252; parent = 1075.031; children = 144.221
Synthesis current peak Virtual Memory [VSS] (MB): peak = 3163.117; parent = 2183.180; children = 979.938
---------------------------------------------------------------------------------
---------------------------------------------------------------------------------
Start Applying 'set_property' XDC Constraints
---------------------------------------------------------------------------------
Applied set_property KEEP_HIERARCHY = SOFT for U0. (constraint file  /home/gianluca/OS_project/OS_project.runs/aes_block_diagram_rst_ps7_0_100M_0_synth_1/dont_touch.xdc, line 9).
---------------------------------------------------------------------------------
Finished applying 'set_property' XDC Constraints : Time (s): cpu = 00:00:11 ; elapsed = 00:00:12 . Memory (MB): peak = 2215.191 ; gain = 614.301 ; free physical = 3995 ; free virtual = 9382
Synthesis current peak Physical Memory [PSS] (MB): peak = 1219.252; parent = 1075.031; children = 144.221
Synthesis current peak Virtual Memory [VSS] (MB): peak = 3163.117; parent = 2183.180; children = 979.938
---------------------------------------------------------------------------------
---------------------------------------------------------------------------------
Finished RTL Optimization Phase 2 : Time (s): cpu = 00:00:12 ; elapsed = 00:00:12 . Memory (MB): peak = 2215.191 ; gain = 614.301 ; free physical = 4171 ; free virtual = 9560
Synthesis current peak Physical Memory [PSS] (MB): peak = 1219.252; parent = 1075.031; children = 144.221
Synthesis current peak Virtual Memory [VSS] (MB): peak = 3163.117; parent = 2183.180; children = 979.938
---------------------------------------------------------------------------------
---------------------------------------------------------------------------------
Start RTL Component Statistics 
---------------------------------------------------------------------------------
Detailed RTL Component Info : 
+---Adders : 
	   2 Input    6 Bit       Adders := 1     
+---Registers : 
	                6 Bit    Registers := 1     
	                3 Bit    Registers := 3     
	                1 Bit    Registers := 8     
+---Muxes : 
	   2 Input    6 Bit        Muxes := 1     
	   2 Input    1 Bit        Muxes := 1     
---------------------------------------------------------------------------------
Finished RTL Component Statistics 
---------------------------------------------------------------------------------
---------------------------------------------------------------------------------
Start Part Resource Summary
---------------------------------------------------------------------------------
Part Resources:
DSPs: 220 (col length:60)
BRAMs: 280 (col length: RAMB18 60 RAMB36 30)
---------------------------------------------------------------------------------
Finished Part Resource Summary
---------------------------------------------------------------------------------
---------------------------------------------------------------------------------
Start Cross Boundary and Area Optimization
---------------------------------------------------------------------------------
WARNING: [Synth 8-7080] Parallel synthesis criteria is not met
WARNING: [Synth 8-3332] Sequential element (EXT_LPF/ACTIVE_LOW_EXT.ACT_LO_EXT/GENERATE_LEVEL_P_S_CDC.SINGLE_BIT.CROSS_PLEVEL_IN2SCNDRY_s_level_out_d5) is unused and will be removed from module proc_sys_reset.
WARNING: [Synth 8-3332] Sequential element (EXT_LPF/ACTIVE_LOW_EXT.ACT_LO_EXT/GENERATE_LEVEL_P_S_CDC.SINGLE_BIT.CROSS_PLEVEL_IN2SCNDRY_s_level_out_d6) is unused and will be removed from module proc_sys_reset.
WARNING: [Synth 8-3332] Sequential element (EXT_LPF/ACTIVE_LOW_AUX.ACT_LO_AUX/GENERATE_LEVEL_P_S_CDC.SINGLE_BIT.CROSS_PLEVEL_IN2SCNDRY_s_level_out_d5) is unused and will be removed from module proc_sys_reset.
WARNING: [Synth 8-3332] Sequential element (EXT_LPF/ACTIVE_LOW_AUX.ACT_LO_AUX/GENERATE_LEVEL_P_S_CDC.SINGLE_BIT.CROSS_PLEVEL_IN2SCNDRY_s_level_out_d6) is unused and will be removed from module proc_sys_reset.
---------------------------------------------------------------------------------
Finished Cross Boundary and Area Optimization : Time (s): cpu = 00:00:12 ; elapsed = 00:00:13 . Memory (MB): peak = 2215.191 ; gain = 614.301 ; free physical = 4083 ; free virtual = 9480
Synthesis current peak Physical Memory [PSS] (MB): peak = 1219.252; parent = 1075.031; children = 144.221
Synthesis current peak Virtual Memory [VSS] (MB): peak = 3163.117; parent = 2183.180; children = 979.938
---------------------------------------------------------------------------------
---------------------------------------------------------------------------------
Start Applying XDC Timing Constraints
---------------------------------------------------------------------------------
---------------------------------------------------------------------------------
Finished Applying XDC Timing Constraints : Time (s): cpu = 00:00:17 ; elapsed = 00:00:18 . Memory (MB): peak = 2215.191 ; gain = 614.301 ; free physical = 3917 ; free virtual = 9336
Synthesis current peak Physical Memory [PSS] (MB): peak = 1295.524; parent = 1151.357; children = 144.221
Synthesis current peak Virtual Memory [VSS] (MB): peak = 3163.117; parent = 2183.180; children = 979.938
---------------------------------------------------------------------------------
---------------------------------------------------------------------------------
Start Timing Optimization
---------------------------------------------------------------------------------
---------------------------------------------------------------------------------
Finished Timing Optimization : Time (s): cpu = 00:00:17 ; elapsed = 00:00:18 . Memory (MB): peak = 2215.191 ; gain = 614.301 ; free physical = 3917 ; free virtual = 9336
Synthesis current peak Physical Memory [PSS] (MB): peak = 1295.696; parent = 1151.529; children = 144.221
Synthesis current peak Virtual Memory [VSS] (MB): peak = 3163.117; parent = 2183.180; children = 979.938
---------------------------------------------------------------------------------
---------------------------------------------------------------------------------
Start Technology Mapping
---------------------------------------------------------------------------------
---------------------------------------------------------------------------------
Finished Technology Mapping : Time (s): cpu = 00:00:17 ; elapsed = 00:00:18 . Memory (MB): peak = 2215.191 ; gain = 614.301 ; free physical = 3908 ; free virtual = 9326
Synthesis current peak Physical Memory [PSS] (MB): peak = 1296.036; parent = 1151.869; children = 144.221
Synthesis current peak Virtual Memory [VSS] (MB): peak = 3163.117; parent = 2183.180; children = 979.938
---------------------------------------------------------------------------------
---------------------------------------------------------------------------------
Start IO Insertion
---------------------------------------------------------------------------------
---------------------------------------------------------------------------------
Start Flattening Before IO Insertion
---------------------------------------------------------------------------------
---------------------------------------------------------------------------------
Finished Flattening Before IO Insertion
---------------------------------------------------------------------------------
---------------------------------------------------------------------------------
Start Final Netlist Cleanup
---------------------------------------------------------------------------------
---------------------------------------------------------------------------------
Finished Final Netlist Cleanup
---------------------------------------------------------------------------------
---------------------------------------------------------------------------------
Finished IO Insertion : Time (s): cpu = 00:00:20 ; elapsed = 00:00:21 . Memory (MB): peak = 2215.191 ; gain = 614.301 ; free physical = 3631 ; free virtual = 9050
Synthesis current peak Physical Memory [PSS] (MB): peak = 1296.036; parent = 1151.869; children = 144.221
Synthesis current peak Virtual Memory [VSS] (MB): peak = 3163.117; parent = 2183.180; children = 979.938
---------------------------------------------------------------------------------
---------------------------------------------------------------------------------
Start Renaming Generated Instances
---------------------------------------------------------------------------------
---------------------------------------------------------------------------------
Finished Renaming Generated Instances : Time (s): cpu = 00:00:20 ; elapsed = 00:00:21 . Memory (MB): peak = 2215.191 ; gain = 614.301 ; free physical = 3630 ; free virtual = 9049
Synthesis current peak Physical Memory [PSS] (MB): peak = 1296.036; parent = 1151.869; children = 144.221
Synthesis current peak Virtual Memory [VSS] (MB): peak = 3163.117; parent = 2183.180; children = 979.938
---------------------------------------------------------------------------------
---------------------------------------------------------------------------------
Start Rebuilding User Hierarchy
---------------------------------------------------------------------------------
---------------------------------------------------------------------------------
Finished Rebuilding User Hierarchy : Time (s): cpu = 00:00:20 ; elapsed = 00:00:21 . Memory (MB): peak = 2215.191 ; gain = 614.301 ; free physical = 3629 ; free virtual = 9048
Synthesis current peak Physical Memory [PSS] (MB): peak = 1296.036; parent = 1151.869; children = 144.221
Synthesis current peak Virtual Memory [VSS] (MB): peak = 3163.117; parent = 2183.180; children = 979.938
---------------------------------------------------------------------------------
---------------------------------------------------------------------------------
Start Renaming Generated Ports
---------------------------------------------------------------------------------
---------------------------------------------------------------------------------
Finished Renaming Generated Ports : Time (s): cpu = 00:00:20 ; elapsed = 00:00:21 . Memory (MB): peak = 2215.191 ; gain = 614.301 ; free physical = 3628 ; free virtual = 9048
Synthesis current peak Physical Memory [PSS] (MB): peak = 1296.036; parent = 1151.869; children = 144.221
Synthesis current peak Virtual Memory [VSS] (MB): peak = 3163.117; parent = 2183.180; children = 979.938
---------------------------------------------------------------------------------
---------------------------------------------------------------------------------
Start Handling Custom Attributes
---------------------------------------------------------------------------------
---------------------------------------------------------------------------------
Finished Handling Custom Attributes : Time (s): cpu = 00:00:20 ; elapsed = 00:00:21 . Memory (MB): peak = 2215.191 ; gain = 614.301 ; free physical = 3628 ; free virtual = 9048
Synthesis current peak Physical Memory [PSS] (MB): peak = 1296.036; parent = 1151.869; children = 144.221
Synthesis current peak Virtual Memory [VSS] (MB): peak = 3163.117; parent = 2183.180; children = 979.938
---------------------------------------------------------------------------------
---------------------------------------------------------------------------------
Start Renaming Generated Nets
---------------------------------------------------------------------------------
---------------------------------------------------------------------------------
Finished Renaming Generated Nets : Time (s): cpu = 00:00:20 ; elapsed = 00:00:21 . Memory (MB): peak = 2215.191 ; gain = 614.301 ; free physical = 3627 ; free virtual = 9047
Synthesis current peak Physical Memory [PSS] (MB): peak = 1296.036; parent = 1151.869; children = 144.221
Synthesis current peak Virtual Memory [VSS] (MB): peak = 3163.117; parent = 2183.180; children = 979.938
---------------------------------------------------------------------------------
---------------------------------------------------------------------------------
Start Writing Synthesis Report
---------------------------------------------------------------------------------

Report BlackBoxes: 
+-+--------------+----------+
| |BlackBox name |Instances |
+-+--------------+----------+
+-+--------------+----------+

Report Cell Usage: 
+------+------+------+
|      |Cell  |Count |
+------+------+------+
|1     |LUT1  |     5|
|2     |LUT2  |     9|
|3     |LUT3  |     1|
|4     |LUT4  |     6|
|5     |LUT5  |     3|
|6     |LUT6  |     1|
|7     |SRL16 |     1|
|8     |FDR   |     8|
|9     |FDRE  |    28|
|10    |FDSE  |     4|
+------+------+------+
---------------------------------------------------------------------------------
Finished Writing Synthesis Report : Time (s): cpu = 00:00:20 ; elapsed = 00:00:21 . Memory (MB): peak = 2215.191 ; gain = 614.301 ; free physical = 3626 ; free virtual = 9046
Synthesis current peak Physical Memory [PSS] (MB): peak = 1296.036; parent = 1151.869; children = 144.221
Synthesis current peak Virtual Memory [VSS] (MB): peak = 3163.117; parent = 2183.180; children = 979.938
---------------------------------------------------------------------------------
Synthesis finished with 0 errors, 0 critical warnings and 5 warnings.
Synthesis Optimization Runtime : Time (s): cpu = 00:00:18 ; elapsed = 00:00:20 . Memory (MB): peak = 2215.191 ; gain = 457.551 ; free physical = 3683 ; free virtual = 9103
Synthesis Optimization Complete : Time (s): cpu = 00:00:20 ; elapsed = 00:00:22 . Memory (MB): peak = 2215.191 ; gain = 614.301 ; free physical = 3683 ; free virtual = 9102
INFO: [Project 1-571] Translating synthesized netlist
Netlist sorting complete. Time (s): cpu = 00:00:00 ; elapsed = 00:00:00 . Memory (MB): peak = 2215.191 ; gain = 0.000 ; free physical = 3679 ; free virtual = 9098
INFO: [Netlist 29-17] Analyzing 9 Unisim elements for replacement
INFO: [Netlist 29-28] Unisim Transformation completed in 0 CPU seconds
INFO: [Project 1-570] Preparing netlist for logic optimization
INFO: [Opt 31-138] Pushed 0 inverter(s) to 0 load pin(s).
Netlist sorting complete. Time (s): cpu = 00:00:00 ; elapsed = 00:00:00 . Memory (MB): peak = 2215.191 ; gain = 0.000 ; free physical = 3674 ; free virtual = 9094
INFO: [Project 1-111] Unisim Transformation Summary:
  A total of 9 instances were transformed.
  FDR => FDRE: 8 instances
  SRL16 => SRL16E: 1 instance 

Synth Design complete, checksum: 2dd6eb5e
INFO: [Common 17-83] Releasing license: Synthesis
51 Infos, 14 Warnings, 0 Critical Warnings and 0 Errors encountered.
synth_design completed successfully
synth_design: Time (s): cpu = 00:00:27 ; elapsed = 00:00:26 . Memory (MB): peak = 2215.191 ; gain = 889.746 ; free physical = 3861 ; free virtual = 9280
INFO: [Common 17-1381] The checkpoint '/home/gianluca/OS_project/OS_project.runs/aes_block_diagram_rst_ps7_0_100M_0_synth_1/aes_block_diagram_rst_ps7_0_100M_0.dcp' has been generated.
INFO: [Coretcl 2-1648] Added synthesis output to IP cache for IP aes_block_diagram_rst_ps7_0_100M_0, cache-ID = bc4d9dcdd5a8d4e8
INFO: [Coretcl 2-1174] Renamed 6 cell refs.
INFO: [Common 17-1381] The checkpoint '/home/gianluca/OS_project/OS_project.runs/aes_block_diagram_rst_ps7_0_100M_0_synth_1/aes_block_diagram_rst_ps7_0_100M_0.dcp' has been generated.
INFO: [runtcl-4] Executing : report_utilization -file aes_block_diagram_rst_ps7_0_100M_0_utilization_synth.rpt -pb aes_block_diagram_rst_ps7_0_100M_0_utilization_synth.pb
INFO: [Common 17-206] Exiting Vivado at Thu Jun  1 21:37:04 2023...
