Copyright 1986-2023 Xilinx, Inc. All Rights Reserved.
---------------------------------------------------------------------------------------------
| Tool Version : Vivado v.2022.2.2 (lin64) Build 3788238 Tue Feb 21 19:59:23 MST 2023
| Date         : Tue Sep 12 17:54:15 2023
| Host         : gianluca-Yoga-Slim-7-14ARE05 running 64-bit Ubuntu 22.04.3 LTS
| Command      : report_control_sets -verbose -file design_1_wrapper_control_sets_placed.rpt
| Design       : design_1_wrapper
| Device       : xc7z020
---------------------------------------------------------------------------------------------

Control Set Information

Table of Contents
-----------------
1. Summary
2. Histogram
3. Flip-Flop Distribution
4. Detailed Control Set Information

1. Summary
----------

+----------------------------------------------------------+-------+
|                          Status                          | Count |
+----------------------------------------------------------+-------+
| Total control sets                                       |    65 |
|    Minimum number of control sets                        |    65 |
|    Addition due to synthesis replication                 |     0 |
|    Addition due to physical synthesis replication        |     0 |
| Unused register locations in slices containing registers |    91 |
+----------------------------------------------------------+-------+
* Control sets can be merged at opt_design using control_set_merge or merge_equivalent_drivers
** Run report_qor_suggestions for automated merging and remapping suggestions


2. Histogram
------------

+--------------------+-------+
|       Fanout       | Count |
+--------------------+-------+
| Total control sets |    65 |
| >= 0 to < 4        |     2 |
| >= 4 to < 6        |     8 |
| >= 6 to < 8        |     2 |
| >= 8 to < 10       |    37 |
| >= 10 to < 12      |     1 |
| >= 12 to < 14      |     1 |
| >= 14 to < 16      |     2 |
| >= 16              |    12 |
+--------------------+-------+
* Control sets can be remapped at either synth_design or opt_design


3. Flip-Flop Distribution
-------------------------

+--------------+-----------------------+------------------------+-----------------+--------------+
| Clock Enable | Synchronous Set/Reset | Asynchronous Set/Reset | Total Registers | Total Slices |
+--------------+-----------------------+------------------------+-----------------+--------------+
| No           | No                    | No                     |            4529 |         1628 |
| No           | No                    | Yes                    |               0 |            0 |
| No           | Yes                   | No                     |              28 |           18 |
| Yes          | No                    | No                     |             299 |           84 |
| Yes          | No                    | Yes                    |               0 |            0 |
| Yes          | Yes                   | No                     |             325 |          109 |
+--------------+-----------------------+------------------------+-----------------+--------------+


4. Detailed Control Set Information
-----------------------------------

+-------------------------------------------------+----------------------------------------------------------------------------------------------------------------------------------------------------------------+-------------------------------------------------------------------------------------------------------------------------------------------------------+------------------+----------------+--------------+
|                   Clock Signal                  |                                                                          Enable Signal                                                                         |                                                                    Set/Reset Signal                                                                   | Slice Load Count | Bel Load Count | Bels / Slice |
+-------------------------------------------------+----------------------------------------------------------------------------------------------------------------------------------------------------------------+-------------------------------------------------------------------------------------------------------------------------------------------------------+------------------+----------------+--------------+
|  design_1_i/processing_system7_0/inst/FCLK_CLK0 | design_1_i/ps7_0_axi_periph/s00_couplers/auto_pc/inst/gen_axilite.gen_b2s_conv.axilite_b2s/WR.aw_channel_0/aw_cmd_fsm_0/FSM_sequential_state_reg[0]_1          | design_1_i/ps7_0_axi_periph/s00_couplers/auto_pc/inst/gen_axilite.gen_b2s_conv.axilite_b2s/WR.aw_channel_0/aw_cmd_fsm_0/FSM_sequential_state_reg[0]_0 |                1 |              1 |         1.00 |
|  design_1_i/processing_system7_0/inst/FCLK_CLK0 | design_1_i/ps7_0_axi_periph/s00_couplers/auto_pc/inst/gen_axilite.gen_b2s_conv.axilite_b2s/WR.b_channel_0/bid_fifo_0/sel                                       |                                                                                                                                                       |                1 |              2 |         2.00 |
|  design_1_i/processing_system7_0/inst/FCLK_CLK0 |                                                                                                                                                                | design_1_i/ps7_0_axi_periph/s00_couplers/auto_pc/inst/gen_axilite.gen_b2s_conv.axilite_b2s/SI_REG/aw.aw_pipe/aresetn_d_reg[0]_0                       |                4 |              4 |         1.00 |
|  design_1_i/processing_system7_0/inst/FCLK_CLK0 |                                                                                                                                                                | design_1_i/rst_ps7_0_100M/U0/EXT_LPF/lpf_int                                                                                                          |                2 |              4 |         2.00 |
|  design_1_i/processing_system7_0/inst/FCLK_CLK0 |                                                                                                                                                                | design_1_i/ps7_0_axi_periph/s00_couplers/auto_pc/inst/gen_axilite.gen_b2s_conv.axilite_b2s/SI_REG/ar.ar_pipe/aresetn_d_reg[1]_inv_0                   |                4 |              4 |         1.00 |
|  design_1_i/processing_system7_0/inst/FCLK_CLK0 | design_1_i/aes_ip_0/inst/aes_ip_v1_0_S00_AXI_inst/axi_arready0                                                                                                 | design_1_i/aes_ip_0/inst/aes_ip_v1_0_S00_AXI_inst/axi_awready_i_1_n_0                                                                                 |                2 |              4 |         2.00 |
|  design_1_i/processing_system7_0/inst/FCLK_CLK0 | design_1_i/aes_ip_0/inst/aes_ip_v1_0_S00_AXI_inst/axi_awready0                                                                                                 | design_1_i/aes_ip_0/inst/aes_ip_v1_0_S00_AXI_inst/axi_awready_i_1_n_0                                                                                 |                1 |              4 |         4.00 |
|  design_1_i/processing_system7_0/inst/FCLK_CLK0 | design_1_i/ps7_0_axi_periph/s00_couplers/auto_pc/inst/gen_axilite.gen_b2s_conv.axilite_b2s/RD.ar_channel_0/ar_cmd_fsm_0/m_axi_arready_2                        | design_1_i/ps7_0_axi_periph/s00_couplers/auto_pc/inst/gen_axilite.gen_b2s_conv.axilite_b2s/RD.ar_channel_0/ar_cmd_fsm_0/FSM_sequential_state_reg[1]_0 |                1 |              4 |         4.00 |
|  design_1_i/processing_system7_0/inst/FCLK_CLK0 | design_1_i/ps7_0_axi_periph/s00_couplers/auto_pc/inst/gen_axilite.gen_b2s_conv.axilite_b2s/RD.r_channel_0/rd_data_fifo_0/cnt_read[4]_i_1__0_n_0                | design_1_i/ps7_0_axi_periph/s00_couplers/auto_pc/inst/gen_axilite.gen_b2s_conv.axilite_b2s/areset_d1                                                  |                1 |              5 |         5.00 |
|  design_1_i/processing_system7_0/inst/FCLK_CLK0 | design_1_i/ps7_0_axi_periph/s00_couplers/auto_pc/inst/gen_axilite.gen_b2s_conv.axilite_b2s/RD.r_channel_0/transaction_fifo_0/cnt_read[4]_i_1_n_0               | design_1_i/ps7_0_axi_periph/s00_couplers/auto_pc/inst/gen_axilite.gen_b2s_conv.axilite_b2s/areset_d1                                                  |                1 |              5 |         5.00 |
|  design_1_i/processing_system7_0/inst/FCLK_CLK0 |                                                                                                                                                                | design_1_i/aes_ip_0/inst/aes_ip_v1_0_S00_AXI_inst/axi_awready_i_1_n_0                                                                                 |                3 |              6 |         2.00 |
|  design_1_i/processing_system7_0/inst/FCLK_CLK0 | design_1_i/rst_ps7_0_100M/U0/SEQ/seq_cnt_en                                                                                                                    | design_1_i/rst_ps7_0_100M/U0/SEQ/SEQ_COUNTER/clear                                                                                                    |                1 |              6 |         6.00 |
|  design_1_i/processing_system7_0/inst/FCLK_CLK0 | design_1_i/aes_ip_0/inst/aes_ip_v1_0_S00_AXI_inst/slv_reg5[23]_i_1_n_0                                                                                         | design_1_i/aes_ip_0/inst/aes_ip_v1_0_S00_AXI_inst/axi_awready_i_1_n_0                                                                                 |                2 |              8 |         4.00 |
|  design_1_i/processing_system7_0/inst/FCLK_CLK0 | design_1_i/aes_ip_0/inst/aes_ip_v1_0_S00_AXI_inst/slv_reg0[31]_i_1_n_0                                                                                         | design_1_i/aes_ip_0/inst/aes_ip_v1_0_S00_AXI_inst/axi_awready_i_1_n_0                                                                                 |                3 |              8 |         2.67 |
|  design_1_i/processing_system7_0/inst/FCLK_CLK0 | design_1_i/aes_ip_0/inst/aes_ip_v1_0_S00_AXI_inst/slv_reg5[31]_i_1_n_0                                                                                         | design_1_i/aes_ip_0/inst/aes_ip_v1_0_S00_AXI_inst/axi_awready_i_1_n_0                                                                                 |                1 |              8 |         8.00 |
|  design_1_i/processing_system7_0/inst/FCLK_CLK0 | design_1_i/aes_ip_0/inst/aes_ip_v1_0_S00_AXI_inst/slv_reg5[7]_i_1_n_0                                                                                          | design_1_i/aes_ip_0/inst/aes_ip_v1_0_S00_AXI_inst/axi_awready_i_1_n_0                                                                                 |                2 |              8 |         4.00 |
|  design_1_i/processing_system7_0/inst/FCLK_CLK0 | design_1_i/aes_ip_0/inst/aes_ip_v1_0_S00_AXI_inst/slv_reg6[15]_i_1_n_0                                                                                         | design_1_i/aes_ip_0/inst/aes_ip_v1_0_S00_AXI_inst/axi_awready_i_1_n_0                                                                                 |                5 |              8 |         1.60 |
|  design_1_i/processing_system7_0/inst/FCLK_CLK0 | design_1_i/aes_ip_0/inst/aes_ip_v1_0_S00_AXI_inst/slv_reg6[23]_i_1_n_0                                                                                         | design_1_i/aes_ip_0/inst/aes_ip_v1_0_S00_AXI_inst/axi_awready_i_1_n_0                                                                                 |                4 |              8 |         2.00 |
|  design_1_i/processing_system7_0/inst/FCLK_CLK0 | design_1_i/aes_ip_0/inst/aes_ip_v1_0_S00_AXI_inst/slv_reg6[31]_i_1_n_0                                                                                         | design_1_i/aes_ip_0/inst/aes_ip_v1_0_S00_AXI_inst/axi_awready_i_1_n_0                                                                                 |                1 |              8 |         8.00 |
|  design_1_i/processing_system7_0/inst/FCLK_CLK0 | design_1_i/aes_ip_0/inst/aes_ip_v1_0_S00_AXI_inst/slv_reg6[7]_i_1_n_0                                                                                          | design_1_i/aes_ip_0/inst/aes_ip_v1_0_S00_AXI_inst/axi_awready_i_1_n_0                                                                                 |                3 |              8 |         2.67 |
|  design_1_i/processing_system7_0/inst/FCLK_CLK0 | design_1_i/aes_ip_0/inst/aes_ip_v1_0_S00_AXI_inst/slv_reg7[15]_i_1_n_0                                                                                         | design_1_i/aes_ip_0/inst/aes_ip_v1_0_S00_AXI_inst/axi_awready_i_1_n_0                                                                                 |                3 |              8 |         2.67 |
|  design_1_i/processing_system7_0/inst/FCLK_CLK0 | design_1_i/aes_ip_0/inst/aes_ip_v1_0_S00_AXI_inst/slv_reg7[23]_i_1_n_0                                                                                         | design_1_i/aes_ip_0/inst/aes_ip_v1_0_S00_AXI_inst/axi_awready_i_1_n_0                                                                                 |                2 |              8 |         4.00 |
|  design_1_i/processing_system7_0/inst/FCLK_CLK0 | design_1_i/aes_ip_0/inst/aes_ip_v1_0_S00_AXI_inst/slv_reg7[31]_i_1_n_0                                                                                         | design_1_i/aes_ip_0/inst/aes_ip_v1_0_S00_AXI_inst/axi_awready_i_1_n_0                                                                                 |                3 |              8 |         2.67 |
|  design_1_i/processing_system7_0/inst/FCLK_CLK0 | design_1_i/aes_ip_0/inst/aes_ip_v1_0_S00_AXI_inst/slv_reg7[7]_i_1_n_0                                                                                          | design_1_i/aes_ip_0/inst/aes_ip_v1_0_S00_AXI_inst/axi_awready_i_1_n_0                                                                                 |                2 |              8 |         4.00 |
|  design_1_i/processing_system7_0/inst/FCLK_CLK0 | design_1_i/ps7_0_axi_periph/s00_couplers/auto_pc/inst/gen_axilite.gen_b2s_conv.axilite_b2s/RD.ar_channel_0/ar_cmd_fsm_0/sel_first_reg[0]                       |                                                                                                                                                       |                2 |              8 |         4.00 |
|  design_1_i/processing_system7_0/inst/FCLK_CLK0 | design_1_i/ps7_0_axi_periph/s00_couplers/auto_pc/inst/gen_axilite.gen_b2s_conv.axilite_b2s/RD.ar_channel_0/ar_cmd_fsm_0/E[0]                                   |                                                                                                                                                       |                5 |              8 |         1.60 |
|  design_1_i/processing_system7_0/inst/FCLK_CLK0 | design_1_i/aes_ip_0/inst/aes_ip_v1_0_S00_AXI_inst/slv_reg0[15]_i_1_n_0                                                                                         | design_1_i/aes_ip_0/inst/aes_ip_v1_0_S00_AXI_inst/axi_awready_i_1_n_0                                                                                 |                3 |              8 |         2.67 |
|  design_1_i/processing_system7_0/inst/FCLK_CLK0 | design_1_i/ps7_0_axi_periph/s00_couplers/auto_pc/inst/gen_axilite.gen_b2s_conv.axilite_b2s/WR.b_channel_0/mhandshake_r                                         | design_1_i/ps7_0_axi_periph/s00_couplers/auto_pc/inst/gen_axilite.gen_b2s_conv.axilite_b2s/WR.b_channel_0/bid_fifo_0/SR[0]                            |                2 |              8 |         4.00 |
|  design_1_i/processing_system7_0/inst/FCLK_CLK0 | design_1_i/ps7_0_axi_periph/s00_couplers/auto_pc/inst/gen_axilite.gen_b2s_conv.axilite_b2s/WR.aw_channel_0/cmd_translator_0/incr_cmd_0/axaddr_incr[11]_i_1_n_0 |                                                                                                                                                       |                2 |              8 |         4.00 |
|  design_1_i/processing_system7_0/inst/FCLK_CLK0 | design_1_i/ps7_0_axi_periph/s00_couplers/auto_pc/inst/gen_axilite.gen_b2s_conv.axilite_b2s/WR.aw_channel_0/aw_cmd_fsm_0/m_valid_i_reg[0]                       |                                                                                                                                                       |                2 |              8 |         4.00 |
|  design_1_i/processing_system7_0/inst/FCLK_CLK0 | design_1_i/aes_ip_0/inst/aes_ip_v1_0_S00_AXI_inst/slv_reg4[7]_i_1_n_0                                                                                          | design_1_i/aes_ip_0/inst/aes_ip_v1_0_S00_AXI_inst/axi_awready_i_1_n_0                                                                                 |                4 |              8 |         2.00 |
|  design_1_i/processing_system7_0/inst/FCLK_CLK0 | design_1_i/aes_ip_0/inst/aes_ip_v1_0_S00_AXI_inst/slv_reg0[23]_i_1_n_0                                                                                         | design_1_i/aes_ip_0/inst/aes_ip_v1_0_S00_AXI_inst/axi_awready_i_1_n_0                                                                                 |                3 |              8 |         2.67 |
|  design_1_i/processing_system7_0/inst/FCLK_CLK0 | design_1_i/aes_ip_0/inst/aes_ip_v1_0_S00_AXI_inst/slv_reg0[7]_i_1_n_0                                                                                          | design_1_i/aes_ip_0/inst/aes_ip_v1_0_S00_AXI_inst/axi_awready_i_1_n_0                                                                                 |                3 |              8 |         2.67 |
|  design_1_i/processing_system7_0/inst/FCLK_CLK0 | design_1_i/aes_ip_0/inst/aes_ip_v1_0_S00_AXI_inst/slv_reg1[15]_i_1_n_0                                                                                         | design_1_i/aes_ip_0/inst/aes_ip_v1_0_S00_AXI_inst/axi_awready_i_1_n_0                                                                                 |                4 |              8 |         2.00 |
|  design_1_i/processing_system7_0/inst/FCLK_CLK0 | design_1_i/aes_ip_0/inst/aes_ip_v1_0_S00_AXI_inst/slv_reg1[23]_i_1_n_0                                                                                         | design_1_i/aes_ip_0/inst/aes_ip_v1_0_S00_AXI_inst/axi_awready_i_1_n_0                                                                                 |                2 |              8 |         4.00 |
|  design_1_i/processing_system7_0/inst/FCLK_CLK0 | design_1_i/aes_ip_0/inst/aes_ip_v1_0_S00_AXI_inst/slv_reg1[31]_i_1_n_0                                                                                         | design_1_i/aes_ip_0/inst/aes_ip_v1_0_S00_AXI_inst/axi_awready_i_1_n_0                                                                                 |                1 |              8 |         8.00 |
|  design_1_i/processing_system7_0/inst/FCLK_CLK0 | design_1_i/aes_ip_0/inst/aes_ip_v1_0_S00_AXI_inst/slv_reg1[7]_i_1_n_0                                                                                          | design_1_i/aes_ip_0/inst/aes_ip_v1_0_S00_AXI_inst/axi_awready_i_1_n_0                                                                                 |                3 |              8 |         2.67 |
|  design_1_i/processing_system7_0/inst/FCLK_CLK0 | design_1_i/aes_ip_0/inst/aes_ip_v1_0_S00_AXI_inst/slv_reg2[15]_i_1_n_0                                                                                         | design_1_i/aes_ip_0/inst/aes_ip_v1_0_S00_AXI_inst/axi_awready_i_1_n_0                                                                                 |                3 |              8 |         2.67 |
|  design_1_i/processing_system7_0/inst/FCLK_CLK0 | design_1_i/aes_ip_0/inst/aes_ip_v1_0_S00_AXI_inst/slv_reg2[23]_i_1_n_0                                                                                         | design_1_i/aes_ip_0/inst/aes_ip_v1_0_S00_AXI_inst/axi_awready_i_1_n_0                                                                                 |                5 |              8 |         1.60 |
|  design_1_i/processing_system7_0/inst/FCLK_CLK0 | design_1_i/aes_ip_0/inst/aes_ip_v1_0_S00_AXI_inst/slv_reg2[31]_i_1_n_0                                                                                         | design_1_i/aes_ip_0/inst/aes_ip_v1_0_S00_AXI_inst/axi_awready_i_1_n_0                                                                                 |                2 |              8 |         4.00 |
|  design_1_i/processing_system7_0/inst/FCLK_CLK0 | design_1_i/aes_ip_0/inst/aes_ip_v1_0_S00_AXI_inst/slv_reg2[7]_i_1_n_0                                                                                          | design_1_i/aes_ip_0/inst/aes_ip_v1_0_S00_AXI_inst/axi_awready_i_1_n_0                                                                                 |                2 |              8 |         4.00 |
|  design_1_i/processing_system7_0/inst/FCLK_CLK0 | design_1_i/aes_ip_0/inst/aes_ip_v1_0_S00_AXI_inst/slv_reg4[31]_i_1_n_0                                                                                         | design_1_i/aes_ip_0/inst/aes_ip_v1_0_S00_AXI_inst/axi_awready_i_1_n_0                                                                                 |                3 |              8 |         2.67 |
|  design_1_i/processing_system7_0/inst/FCLK_CLK0 | design_1_i/aes_ip_0/inst/aes_ip_v1_0_S00_AXI_inst/slv_reg4[23]_i_1_n_0                                                                                         | design_1_i/aes_ip_0/inst/aes_ip_v1_0_S00_AXI_inst/axi_awready_i_1_n_0                                                                                 |                3 |              8 |         2.67 |
|  design_1_i/processing_system7_0/inst/FCLK_CLK0 | design_1_i/aes_ip_0/inst/aes_ip_v1_0_S00_AXI_inst/slv_reg4[15]_i_1_n_0                                                                                         | design_1_i/aes_ip_0/inst/aes_ip_v1_0_S00_AXI_inst/axi_awready_i_1_n_0                                                                                 |                3 |              8 |         2.67 |
|  design_1_i/processing_system7_0/inst/FCLK_CLK0 | design_1_i/aes_ip_0/inst/aes_ip_v1_0_S00_AXI_inst/slv_reg3[7]_i_1_n_0                                                                                          | design_1_i/aes_ip_0/inst/aes_ip_v1_0_S00_AXI_inst/axi_awready_i_1_n_0                                                                                 |                4 |              8 |         2.00 |
|  design_1_i/processing_system7_0/inst/FCLK_CLK0 | design_1_i/aes_ip_0/inst/aes_ip_v1_0_S00_AXI_inst/slv_reg5[15]_i_1_n_0                                                                                         | design_1_i/aes_ip_0/inst/aes_ip_v1_0_S00_AXI_inst/axi_awready_i_1_n_0                                                                                 |                3 |              8 |         2.67 |
|  design_1_i/processing_system7_0/inst/FCLK_CLK0 | design_1_i/aes_ip_0/inst/aes_ip_v1_0_S00_AXI_inst/slv_reg3[31]_i_1_n_0                                                                                         | design_1_i/aes_ip_0/inst/aes_ip_v1_0_S00_AXI_inst/axi_awready_i_1_n_0                                                                                 |                2 |              8 |         4.00 |
|  design_1_i/processing_system7_0/inst/FCLK_CLK0 | design_1_i/aes_ip_0/inst/aes_ip_v1_0_S00_AXI_inst/slv_reg3[23]_i_1_n_0                                                                                         | design_1_i/aes_ip_0/inst/aes_ip_v1_0_S00_AXI_inst/axi_awready_i_1_n_0                                                                                 |                2 |              8 |         4.00 |
|  design_1_i/processing_system7_0/inst/FCLK_CLK0 | design_1_i/aes_ip_0/inst/aes_ip_v1_0_S00_AXI_inst/slv_reg3[15]_i_1_n_0                                                                                         | design_1_i/aes_ip_0/inst/aes_ip_v1_0_S00_AXI_inst/axi_awready_i_1_n_0                                                                                 |                4 |              8 |         2.00 |
|  design_1_i/processing_system7_0/inst/FCLK_CLK0 |                                                                                                                                                                | design_1_i/ps7_0_axi_periph/s00_couplers/auto_pc/inst/gen_axilite.gen_b2s_conv.axilite_b2s/areset_d1                                                  |                5 |             10 |         2.00 |
|  design_1_i/processing_system7_0/inst/FCLK_CLK0 | design_1_i/ps7_0_axi_periph/s00_couplers/auto_pc/inst/gen_axilite.gen_b2s_conv.axilite_b2s/RD.r_channel_0/r_push_r                                             |                                                                                                                                                       |                4 |             13 |         3.25 |
|  design_1_i/processing_system7_0/inst/FCLK_CLK0 | design_1_i/ps7_0_axi_periph/s00_couplers/auto_pc/inst/gen_axilite.gen_b2s_conv.axilite_b2s/SI_REG/b.b_pipe/s_ready_i_reg_0                                     |                                                                                                                                                       |                3 |             14 |         4.67 |
|  design_1_i/processing_system7_0/inst/FCLK_CLK0 | design_1_i/ps7_0_axi_periph/s00_couplers/auto_pc/inst/gen_axilite.gen_b2s_conv.axilite_b2s/SI_REG/b.b_pipe/p_1_in                                              |                                                                                                                                                       |                3 |             14 |         4.67 |
|  design_1_i/processing_system7_0/inst/FCLK_CLK0 | design_1_i/ps7_0_axi_periph/s00_couplers/auto_pc/inst/gen_axilite.gen_b2s_conv.axilite_b2s/WR.aw_channel_0/aw_cmd_fsm_0/m_axi_awready_0                        |                                                                                                                                                       |                3 |             16 |         5.33 |
|  design_1_i/processing_system7_0/inst/FCLK_CLK0 | design_1_i/ps7_0_axi_periph/s00_couplers/auto_pc/inst/gen_axilite.gen_b2s_conv.axilite_b2s/RD.ar_channel_0/ar_cmd_fsm_0/m_axi_arready_2                        |                                                                                                                                                       |                7 |             17 |         2.43 |
|  design_1_i/processing_system7_0/inst/FCLK_CLK0 | design_1_i/ps7_0_axi_periph/s00_couplers/auto_pc/inst/gen_axilite.gen_b2s_conv.axilite_b2s/WR.aw_channel_0/aw_cmd_fsm_0/FSM_sequential_state_reg[0]_1          |                                                                                                                                                       |                6 |             20 |         3.33 |
|  design_1_i/processing_system7_0/inst/FCLK_CLK0 | design_1_i/ps7_0_axi_periph/s00_couplers/auto_pc/inst/gen_axilite.gen_b2s_conv.axilite_b2s/RD.ar_channel_0/ar_cmd_fsm_0/m_valid_i_reg[0]                       |                                                                                                                                                       |                7 |             28 |         4.00 |
|  design_1_i/processing_system7_0/inst/FCLK_CLK0 | design_1_i/ps7_0_axi_periph/s00_couplers/auto_pc/inst/gen_axilite.gen_b2s_conv.axilite_b2s/SI_REG/aw.aw_pipe/s_ready_i_reg_0                                   |                                                                                                                                                       |                7 |             28 |         4.00 |
|  design_1_i/processing_system7_0/inst/FCLK_CLK0 | design_1_i/ps7_0_axi_periph/s00_couplers/auto_pc/inst/gen_axilite.gen_b2s_conv.axilite_b2s/WR.aw_channel_0/aw_cmd_fsm_0/E[0]                                   |                                                                                                                                                       |                7 |             28 |         4.00 |
|  design_1_i/processing_system7_0/inst/FCLK_CLK0 | design_1_i/ps7_0_axi_periph/s00_couplers/auto_pc/inst/gen_axilite.gen_b2s_conv.axilite_b2s/SI_REG/ar.ar_pipe/s_ready_i_reg_0                                   |                                                                                                                                                       |               10 |             28 |         2.80 |
|  design_1_i/processing_system7_0/inst/FCLK_CLK0 | design_1_i/ps7_0_axi_periph/s00_couplers/auto_pc/inst/gen_axilite.gen_b2s_conv.axilite_b2s/RD.r_channel_0/rd_data_fifo_0/wr_en0                                |                                                                                                                                                       |                8 |             32 |         4.00 |
|  design_1_i/processing_system7_0/inst/FCLK_CLK0 | design_1_i/aes_ip_0/inst/aes_ip_v1_0_S00_AXI_inst/slv_reg_rden__0                                                                                              | design_1_i/aes_ip_0/inst/aes_ip_v1_0_S00_AXI_inst/axi_awready_i_1_n_0                                                                                 |                9 |             32 |         3.56 |
|  design_1_i/processing_system7_0/inst/FCLK_CLK0 | design_1_i/ps7_0_axi_periph/s00_couplers/auto_pc/inst/gen_axilite.gen_b2s_conv.axilite_b2s/SI_REG/r.r_pipe/p_1_in                                              |                                                                                                                                                       |               11 |             45 |         4.09 |
|  design_1_i/processing_system7_0/inst/FCLK_CLK0 | design_1_i/ps7_0_axi_periph/s00_couplers/auto_pc/inst/gen_axilite.gen_b2s_conv.axilite_b2s/SI_REG/r.r_pipe/s_ready_i_reg_0                                     |                                                                                                                                                       |               12 |             45 |         3.75 |
|  design_1_i/processing_system7_0/inst/FCLK_CLK0 |                                                                                                                                                                |                                                                                                                                                       |             1629 |           4530 |         2.78 |
+-------------------------------------------------+----------------------------------------------------------------------------------------------------------------------------------------------------------------+-------------------------------------------------------------------------------------------------------------------------------------------------------+------------------+----------------+--------------+


